[2020-03-09]
* update AES128 mode code

[2020-04-14]
* update code

[2020-04-19]
* 新增图片自适应浏览器的demo

[2020-05-02]
* add code

[2020-05-03]
* add webViewDemo code

[2020-05-05]
* add layout code

[2020-05-06]
* fix scroll

[2020-07-27]
* update
* update

[2020-08-06]
* 增加仿哔哩哔哩的悬停demo
* 添加渐变导航栏颜色

[2020-08-07]
* 新增一种悬停实现的方式
* 更新悬停实现

[2020-08-10]
* add demo

[2020-08-15]
* add things
* add bilibili demo
* add transition animation

[2020-08-16]
* add masonry demo

[2020-08-23]
* add weixin transition
* add demo

[2020-08-25]
* 增加popup通用协议

[2020-08-26]
* add cli demo

[2020-08-28]
* add vue2OC demo

[2020-09-02]
* update refresh demo

[2020-09-05]
* update refresh demo
* add a bai bi

[2020-09-06]
* add open door and drawer animation

[2020-11-14]
* opt

[2020-11-15]
* add cart demo

[2020-11-20]
* 增加沙盒查看插件

[2020-11-24]
* 增加debugtoolview

